  deepPLDLL.cpp
E:\work_program\lsx_ort_cpp_demo\zj_ort_cpp_dll\deepPL\DeepPLLib\DeepPLLib\deepPLDLL.cpp(28,6): warning C4273: “TestAPI”: dll 链接不一致
E:\work_program\lsx_ort_cpp_demo\zj_ort_cpp_dll\deepPL\DeepPLLib\DeepPLLib\deepPLDLL.h(23,22): message : 参见“TestAPI”的前一个定义
E:\work_program\lsx_ort_cpp_demo\zj_ort_cpp_dll\deepPL\DeepPLLib\DeepPLLib\deepPLDLL.cpp(285,6): warning C4273: “FreeOut”: dll 链接不一致
E:\work_program\lsx_ort_cpp_demo\zj_ort_cpp_dll\deepPL\DeepPLLib\DeepPLLib\deepPLDLL.h(65,22): message : 参见“FreeOut”的前一个定义
E:\work_program\lsx_ort_cpp_demo\zj_ort_cpp_dll\deepPL\DeepPLLib\DeepPLLib\deepPLDLL.cpp(342,6): warning C4273: “init_model”: dll 链接不一致
E:\work_program\lsx_ort_cpp_demo\zj_ort_cpp_dll\deepPL\DeepPLLib\DeepPLLib\deepPLDLL.h(38,22): message : 参见“init_model”的前一个定义
E:\work_program\lsx_ort_cpp_demo\zj_ort_cpp_dll\deepPL\DeepPLLib\DeepPLLib\deepPLDLL.cpp(400,6): warning C4273: “preprocess”: dll 链接不一致
E:\work_program\lsx_ort_cpp_demo\zj_ort_cpp_dll\deepPL\DeepPLLib\DeepPLLib\deepPLDLL.h(69,22): message : 参见“preprocess”的前一个定义
E:\work_program\lsx_ort_cpp_demo\zj_ort_cpp_dll\deepPL\DeepPLLib\DeepPLLib\deepPLDLL.cpp(552,26): warning C4244: “参数”: 从“double”转换到“_Ty”，可能丢失数据
          with
          [
              _Ty=float
          ]
E:\work_program\lsx_ort_cpp_demo\zj_ort_cpp_dll\deepPL\DeepPLLib\DeepPLLib\deepPLDLL.cpp(563,28): warning C4244: “=”: 从“double”转换到“float”，可能丢失数据
E:\work_program\lsx_ort_cpp_demo\zj_ort_cpp_dll\deepPL\DeepPLLib\DeepPLLib\deepPLDLL.cpp(578,57): warning C4244: “参数”: 从“double”转换到“const float”，可能丢失数据
E:\work_program\lsx_ort_cpp_demo\zj_ort_cpp_dll\deepPL\DeepPLLib\DeepPLLib\deepPLDLL.cpp(578,41): warning C4244: “参数”: 从“double”转换到“const float”，可能丢失数据
E:\work_program\lsx_ort_cpp_demo\zj_ort_cpp_dll\deepPL\DeepPLLib\DeepPLLib\deepPLDLL.cpp(591,28): warning C4244: “=”: 从“double”转换到“float”，可能丢失数据
E:\work_program\lsx_ort_cpp_demo\zj_ort_cpp_dll\deepPL\DeepPLLib\DeepPLLib\deepPLDLL.cpp(600,32): warning C4267: “=”: 从“size_t”转换到“int”，可能丢失数据
E:\work_program\lsx_ort_cpp_demo\zj_ort_cpp_dll\deepPL\DeepPLLib\DeepPLLib\deepPLDLL.cpp(614,23): warning C4267: “初始化”: 从“size_t”转换到“int”，可能丢失数据
E:\work_program\lsx_ort_cpp_demo\zj_ort_cpp_dll\deepPL\DeepPLLib\DeepPLLib\deepPLDLL.cpp(642,6): warning C4273: “PLZJDetection”: dll 链接不一致
E:\work_program\lsx_ort_cpp_demo\zj_ort_cpp_dll\deepPL\DeepPLLib\DeepPLLib\deepPLDLL.h(49,22): message : 参见“PLZJDetection”的前一个定义
E:\work_program\lsx_ort_cpp_demo\zj_ort_cpp_dll\deepPL\DeepPLLib\DeepPLLib\deepPLDLL.cpp(706,26): warning C4244: “=”: 从“_Ty”转换到“int”，可能丢失数据
          with
          [
              _Ty=int64_t
          ]
E:\work_program\lsx_ort_cpp_demo\zj_ort_cpp_dll\deepPL\DeepPLLib\DeepPLLib\deepPLDLL.cpp(707,26): warning C4244: “=”: 从“_Ty”转换到“int”，可能丢失数据
          with
          [
              _Ty=int64_t
          ]
E:\work_program\lsx_ort_cpp_demo\zj_ort_cpp_dll\deepPL\DeepPLLib\DeepPLLib\deepPLDLL.cpp(810,6): warning C4273: “FreeOutParams”: dll 链接不一致
E:\work_program\lsx_ort_cpp_demo\zj_ort_cpp_dll\deepPL\DeepPLLib\DeepPLLib\deepPLDLL.h(58,22): message : 参见“FreeOutParams”的前一个定义
  deepPLDLL_export.h
    正在创建库 E:\work_program\lsx_ort_cpp_demo\zj_ort_cpp_dll\deepPL\DeepPLLib\x64\Release\DeepPLLib.lib 和对象 E:\work_program\lsx_ort_cpp_demo\zj_ort_cpp_dll\deepPL\DeepPLLib\x64\Release\DeepPLLib.exp
  正在生成代码
  Previous IPDB not found, fall back to full compilation.
  All 1158 functions were compiled because no usable IPDB/IOBJ from previous compilation was found.
  已完成代码的生成
  DeepPLLib.vcxproj -> E:\work_program\lsx_ort_cpp_demo\zj_ort_cpp_dll\deepPL\DeepPLLib\x64\Release\DeepPLLib.dll
